0 info it worked if it ends with ok
1 verbose cli [ '/usr/local/bin/node', '/usr/local/bin/npm', 'run', 'lint' ]
2 info using npm@3.10.8
3 info using node@v7.0.0
4 verbose run-script [ 'prelint', 'lint', 'postlint' ]
5 info lifecycle deeplearn@0.1.0~prelint: deeplearn@0.1.0
6 silly lifecycle deeplearn@0.1.0~prelint: no script for prelint, continuing
7 info lifecycle deeplearn@0.1.0~lint: deeplearn@0.1.0
8 verbose lifecycle deeplearn@0.1.0~lint: unsafe-perm in lifecycle true
9 verbose lifecycle deeplearn@0.1.0~lint: PATH: /usr/local/lib/node_modules/npm/bin/node-gyp-bin:/Users/chizeng/Desktop/deeplearnjs/node_modules/.bin:/Users/chizeng/anaconda/bin:/opt/local/bin:/opt/local/sbin:/usr/local/git/current/bin:/usr/local/bin:/usr/bin:/bin:/usr/local/sbin:/usr/sbin:/sbin:/usr/local/go/bin
10 verbose lifecycle deeplearn@0.1.0~lint: CWD: /Users/chizeng/Desktop/deeplearnjs
11 silly lifecycle deeplearn@0.1.0~lint: Args: [ '-c', 'tslint -p . --type-check -t verbose' ]
12 silly lifecycle deeplearn@0.1.0~lint: Returned: code: 2  signal: null
13 info lifecycle deeplearn@0.1.0~lint: Failed to exec lint script
14 verbose stack Error: deeplearn@0.1.0 lint: `tslint -p . --type-check -t verbose`
14 verbose stack Exit status 2
14 verbose stack     at EventEmitter.<anonymous> (/usr/local/lib/node_modules/npm/lib/utils/lifecycle.js:255:16)
14 verbose stack     at emitTwo (events.js:106:13)
14 verbose stack     at EventEmitter.emit (events.js:191:7)
14 verbose stack     at ChildProcess.<anonymous> (/usr/local/lib/node_modules/npm/lib/utils/spawn.js:40:14)
14 verbose stack     at emitTwo (events.js:106:13)
14 verbose stack     at ChildProcess.emit (events.js:191:7)
14 verbose stack     at maybeClose (internal/child_process.js:877:16)
14 verbose stack     at Process.ChildProcess._handle.onexit (internal/child_process.js:226:5)
15 verbose pkgid deeplearn@0.1.0
16 verbose cwd /Users/chizeng/Desktop/deeplearnjs
17 error Darwin 16.7.0
18 error argv "/usr/local/bin/node" "/usr/local/bin/npm" "run" "lint"
19 error node v7.0.0
20 error npm  v3.10.8
21 error code ELIFECYCLE
22 error deeplearn@0.1.0 lint: `tslint -p . --type-check -t verbose`
22 error Exit status 2
23 error Failed at the deeplearn@0.1.0 lint script 'tslint -p . --type-check -t verbose'.
23 error Make sure you have the latest version of node.js and npm installed.
23 error If you do, this is most likely a problem with the deeplearn package,
23 error not with npm itself.
23 error Tell the author that this fails on your system:
23 error     tslint -p . --type-check -t verbose
23 error You can get information on how to open an issue for this project with:
23 error     npm bugs deeplearn
23 error Or if that isn't available, you can get their info via:
23 error     npm owner ls deeplearn
23 error There is likely additional logging output above.
24 verbose exit [ 1, true ]
